TN:
SF:E:\node app\8.7- Project\8.7- Project\before\vidly\index.js
FN:14,(anonymous_0)
FNF:1
FNH:1
FNDA:2,(anonymous_0)
DA:1,2
DA:2,2
DA:3,2
DA:7,2
DA:8,2
DA:9,2
DA:10,2
DA:11,2
DA:13,2
DA:14,2
DA:16,2
LF:11
LH:11
BRDA:13,0,0,2
BRDA:13,0,1,2
BRF:2
BRH:2
end_of_record
TN:
SF:E:\node app\8.7- Project\8.7- Project\before\vidly\middleware\admin.js
FN:2,(anonymous_0)
FNF:1
FNH:0
FNDA:0,(anonymous_0)
DA:2,2
DA:5,0
DA:7,0
LF:3
LH:1
BRDA:5,0,0,0
BRDA:5,0,1,0
BRF:2
BRH:0
end_of_record
TN:
SF:E:\node app\8.7- Project\8.7- Project\before\vidly\middleware\auth.js
FN:8,auth
FNF:1
FNH:1
FNDA:9,auth
DA:1,3
DA:2,3
DA:8,3
DA:9,9
DA:10,9
DA:12,7
DA:13,7
DA:14,6
DA:15,6
DA:17,1
LF:10
LH:10
BRDA:10,0,0,2
BRDA:10,0,1,7
BRF:2
BRH:2
end_of_record
TN:
SF:E:\node app\8.7- Project\8.7- Project\before\vidly\middleware\error.js
FN:3,(anonymous_0)
FNF:1
FNH:0
FNDA:0,(anonymous_0)
DA:1,2
DA:3,2
DA:4,0
DA:13,0
LF:4
LH:2
BRF:0
BRH:0
end_of_record
TN:
SF:E:\node app\8.7- Project\8.7- Project\before\vidly\middleware\validateObjectId.js
FN:3,(anonymous_0)
FNF:1
FNH:1
FNDA:2,(anonymous_0)
DA:1,2
DA:3,2
DA:4,2
DA:5,1
LF:4
LH:4
BRDA:4,0,0,1
BRDA:4,0,1,1
BRF:2
BRH:2
end_of_record
TN:
SF:E:\node app\8.7- Project\8.7- Project\before\vidly\models\customer.js
FN:22,validateCostumer
FNF:1
FNH:0
FNDA:0,validateCostumer
DA:1,2
DA:2,2
DA:4,2
DA:23,0
DA:29,0
DA:31,2
DA:32,2
LF:7
LH:5
BRF:0
BRH:0
end_of_record
TN:
SF:E:\node app\8.7- Project\8.7- Project\before\vidly\models\genre.js
FN:15,validateGenre
FNF:1
FNH:1
FNDA:5,validateGenre
DA:1,2
DA:2,2
DA:4,2
DA:13,2
DA:16,5
DA:20,5
DA:24,2
DA:25,2
DA:26,2
LF:9
LH:9
BRF:0
BRH:0
end_of_record
TN:
SF:E:\node app\8.7- Project\8.7- Project\before\vidly\models\movie.js
FN:31,validate
FNF:1
FNH:0
FNDA:0,validate
DA:1,2
DA:2,2
DA:3,2
DA:6,2
DA:32,0
DA:39,0
DA:43,2
DA:44,2
LF:8
LH:6
BRF:0
BRH:0
end_of_record
TN:
SF:E:\node app\8.7- Project\8.7- Project\before\vidly\models\rental.js
FN:58,validateRental
FNF:1
FNH:0
FNDA:0,validateRental
DA:1,2
DA:2,2
DA:4,2
DA:60,0
DA:65,0
DA:68,2
DA:69,2
LF:7
LH:5
BRF:0
BRH:0
end_of_record
TN:
SF:E:\node app\8.7- Project\8.7- Project\before\vidly\models\user.js
FN:33,(anonymous_0)
FN:40,validateUser
FNF:2
FNH:1
FNDA:13,(anonymous_0)
FNDA:0,validateUser
DA:1,4
DA:2,4
DA:3,4
DA:4,4
DA:7,4
DA:33,4
DA:34,13
DA:35,13
DA:38,4
DA:41,0
DA:48,0
DA:51,4
DA:52,4
LF:13
LH:11
BRF:0
BRH:0
end_of_record
TN:
SF:E:\node app\8.7- Project\8.7- Project\before\vidly\routes\auth.js
FN:8,(anonymous_0)
FN:23,validate
FNF:2
FNH:0
FNDA:0,(anonymous_0)
FNDA:0,validate
DA:1,2
DA:2,2
DA:3,2
DA:4,2
DA:5,2
DA:6,2
DA:8,2
DA:9,0
DA:10,0
DA:12,0
DA:13,0
DA:15,0
DA:16,0
DA:18,0
DA:20,0
DA:24,0
DA:29,0
DA:33,2
LF:18
LH:8
BRDA:10,0,0,0
BRDA:10,0,1,0
BRDA:13,1,0,0
BRDA:13,1,1,0
BRDA:16,2,0,0
BRDA:16,2,1,0
BRF:6
BRH:0
end_of_record
TN:
SF:E:\node app\8.7- Project\8.7- Project\before\vidly\routes\costumers.js
FN:7,(anonymous_0)
FN:12,(anonymous_1)
FNF:2
FNH:0
FNDA:0,(anonymous_0)
FNDA:0,(anonymous_1)
DA:1,2
DA:2,2
DA:3,2
DA:4,2
DA:7,2
DA:8,0
DA:9,0
DA:12,2
DA:13,0
DA:14,0
DA:16,0
DA:21,0
DA:22,0
DA:26,2
LF:14
LH:7
BRDA:14,0,0,0
BRDA:14,0,1,0
BRF:2
BRH:0
end_of_record
TN:
SF:E:\node app\8.7- Project\8.7- Project\before\vidly\routes\genres.js
FN:9,(anonymous_0)
FN:14,(anonymous_1)
FN:23,(anonymous_2)
FN:33,(anonymous_3)
FN:38,(anonymous_4)
FNF:5
FNH:3
FNDA:1,(anonymous_0)
FNDA:5,(anonymous_1)
FNDA:0,(anonymous_2)
FNDA:0,(anonymous_3)
FNDA:1,(anonymous_4)
DA:1,2
DA:2,2
DA:3,2
DA:4,2
DA:5,2
DA:6,2
DA:7,2
DA:9,2
DA:10,1
DA:11,1
DA:14,2
DA:15,5
DA:16,5
DA:18,3
DA:19,3
DA:20,3
DA:23,2
DA:24,0
DA:25,0
DA:26,0
DA:29,0
DA:30,0
DA:33,2
DA:34,0
DA:35,0
DA:38,2
DA:40,1
DA:41,1
DA:42,1
DA:45,2
LF:30
LH:23
BRDA:16,0,0,2
BRDA:16,0,1,3
BRDA:25,1,0,0
BRDA:25,1,1,0
BRDA:29,2,0,0
BRDA:29,2,1,0
BRDA:41,3,0,0
BRDA:41,3,1,1
BRF:8
BRH:3
end_of_record
TN:
SF:E:\node app\8.7- Project\8.7- Project\before\vidly\routes\movies.js
FN:9,(anonymous_0)
FN:14,(anonymous_1)
FN:35,(anonymous_2)
FN:58,(anonymous_3)
FN:66,(anonymous_4)
FNF:5
FNH:0
FNDA:0,(anonymous_0)
FNDA:0,(anonymous_1)
FNDA:0,(anonymous_2)
FNDA:0,(anonymous_3)
FNDA:0,(anonymous_4)
DA:1,2
DA:2,2
DA:3,2
DA:4,2
DA:5,2
DA:6,2
DA:9,2
DA:10,0
DA:11,0
DA:14,2
DA:15,0
DA:16,0
DA:18,0
DA:19,0
DA:21,0
DA:30,0
DA:32,0
DA:35,2
DA:36,0
DA:37,0
DA:39,0
DA:40,0
DA:42,0
DA:53,0
DA:55,0
DA:58,2
DA:59,0
DA:61,0
DA:63,0
DA:66,2
DA:67,0
DA:69,0
DA:71,0
DA:74,2
LF:34
LH:12
BRDA:16,0,0,0
BRDA:16,0,1,0
BRDA:19,1,0,0
BRDA:19,1,1,0
BRDA:37,2,0,0
BRDA:37,2,1,0
BRDA:40,3,0,0
BRDA:40,3,1,0
BRDA:53,4,0,0
BRDA:53,4,1,0
BRDA:61,5,0,0
BRDA:61,5,1,0
BRDA:69,6,0,0
BRDA:69,6,1,0
BRF:14
BRH:0
end_of_record
TN:
SF:E:\node app\8.7- Project\8.7- Project\before\vidly\routes\rentals.js
FN:12,(anonymous_0)
FN:17,(anonymous_1)
FN:55,(anonymous_2)
FNF:3
FNH:0
FNDA:0,(anonymous_0)
FNDA:0,(anonymous_1)
FNDA:0,(anonymous_2)
DA:1,2
DA:2,2
DA:3,2
DA:4,2
DA:5,2
DA:6,2
DA:7,2
DA:8,2
DA:10,2
DA:12,2
DA:13,0
DA:14,0
DA:17,2
DA:18,0
DA:19,0
DA:21,0
DA:22,0
DA:24,0
DA:25,0
DA:27,0
DA:29,0
DA:41,0
DA:42,0
DA:48,0
DA:50,0
DA:55,2
DA:56,0
DA:58,0
DA:60,0
DA:63,2
LF:30
LH:13
BRDA:19,0,0,0
BRDA:19,0,1,0
BRDA:22,1,0,0
BRDA:22,1,1,0
BRDA:25,2,0,0
BRDA:25,2,1,0
BRDA:27,3,0,0
BRDA:27,3,1,0
BRDA:58,4,0,0
BRDA:58,4,1,0
BRF:10
BRH:0
end_of_record
TN:
SF:E:\node app\8.7- Project\8.7- Project\before\vidly\routes\users.js
FN:9,(anonymous_0)
FN:16,(anonymous_1)
FNF:2
FNH:0
FNDA:0,(anonymous_0)
FNDA:0,(anonymous_1)
DA:1,2
DA:2,2
DA:3,2
DA:4,2
DA:5,2
DA:6,2
DA:9,2
DA:10,0
DA:13,0
DA:16,2
DA:17,0
DA:18,0
DA:20,0
DA:21,0
DA:23,0
DA:24,0
DA:25,0
DA:28,0
DA:30,0
DA:32,0
DA:38,2
LF:21
LH:9
BRDA:18,0,0,0
BRDA:18,0,1,0
BRDA:21,1,0,0
BRDA:21,1,1,0
BRF:4
BRH:0
end_of_record
TN:
SF:E:\node app\8.7- Project\8.7- Project\before\vidly\startup\config.js
FN:4,(anonymous_0)
FNF:1
FNH:1
FNDA:2,(anonymous_0)
DA:1,2
DA:4,2
DA:5,2
DA:6,0
LF:4
LH:3
BRDA:5,0,0,0
BRDA:5,0,1,2
BRF:2
BRH:1
end_of_record
TN:
SF:E:\node app\8.7- Project\8.7- Project\before\vidly\startup\db.js
FN:6,(anonymous_0)
FN:9,(anonymous_1)
FNF:2
FNH:2
FNDA:2,(anonymous_0)
FNDA:2,(anonymous_1)
DA:1,2
DA:2,2
DA:3,2
DA:6,2
DA:7,2
DA:8,2
DA:9,2
LF:7
LH:7
BRF:0
BRH:0
end_of_record
TN:
SF:E:\node app\8.7- Project\8.7- Project\before\vidly\startup\logging.js
FN:6,(anonymous_0)
FN:7,(anonymous_1)
FN:15,(anonymous_2)
FNF:3
FNH:1
FNDA:2,(anonymous_0)
FNDA:0,(anonymous_1)
FNDA:0,(anonymous_2)
DA:2,2
DA:3,2
DA:6,2
DA:7,2
DA:8,0
DA:9,0
DA:12,2
DA:15,2
DA:16,0
DA:19,2
LF:10
LH:7
BRF:0
BRH:0
end_of_record
TN:
SF:E:\node app\8.7- Project\8.7- Project\before\vidly\startup\routes.js
FN:11,(anonymous_0)
FNF:1
FNH:1
FNDA:2,(anonymous_0)
DA:1,2
DA:2,2
DA:3,2
DA:4,2
DA:5,2
DA:6,2
DA:7,2
DA:8,2
DA:11,2
DA:12,2
DA:13,2
DA:14,2
DA:15,2
DA:16,2
DA:17,2
DA:18,2
DA:19,2
LF:17
LH:17
BRF:0
BRH:0
end_of_record
TN:
SF:E:\node app\8.7- Project\8.7- Project\before\vidly\startup\validation.js
FN:4,(anonymous_0)
FNF:1
FNH:1
FNDA:2,(anonymous_0)
DA:1,2
DA:4,2
DA:5,2
LF:3
LH:3
BRF:0
BRH:0
end_of_record
